#
# A fatal error has been detected by the Java Runtime Environment:
#
#  SIGSEGV (0xb) at pc=0x01178c42, pid=5659, tid=3073375088
#
# JRE version: 6.0_18-b18
# Java VM: OpenJDK Client VM (14.0-b16 mixed mode, sharing linux-x86 )
# Derivative: IcedTea6 1.8
# Distribution: Ubuntu lucid (development branch), package 6b18-1.8-0ubuntu1
# Problematic frame:
# V  [libjvm.so+0x2ffc42]
#
# If you would like to submit a bug report, please include
# instructions how to reproduce the bug and visit:
#   https://bugs.launchpad.net/ubuntu/+source/openjdk-6/
#

---------------  T H R E A D  ---------------

Current thread (0x09f7a800):  JavaThread "CompilerThread0" daemon [_thread_in_vm, id=5667, stack(0xb727f000,0xb7300000)]

siginfo:si_signo=SIGSEGV: si_errno=0, si_code=1 (SEGV_MAPERR), si_addr=0x00000010

Registers:
EAX=0x00000000, EBX=0x01287ff4, ECX=0x01287ff4, EDX=0x00000c00
ESP=0xb72fe710, EBP=0xb72fe718, ESI=0x00000c00, EDI=0xb72fe7f0
EIP=0x01178c42, CR2=0x00000010, EFLAGS=0x00210282

Top of Stack: (sp=0xb72fe710)
0xb72fe710:   01287ff4 b72fe7ac b72fe738 01178d7f
0xb72fe720:   00000c00 b72fe7f4 b72fe748 01178d4a
0xb72fe730:   01287ff4 b72fe7ac b72fe758 01178f4b
0xb72fe740:   b72fe7ac 012ab7a0 b72feaf0 01178daa
0xb72fe750:   01287ff4 b72fe780 b72fe7d8 00f8aa65
0xb72fe760:   b72fe780 b72feaf0 b72fe7f0 00000000
0xb72fe770:   b72fe780 00000000 b72feaf4 b72fe7f4
0xb72fe780:   00000000 09f7ad44 09f7ad48 00000000 

Instructions: (pc=0x01178c42)
0x01178c32:   39 c6 7d 1a 83 ec 0c 56 e8 e1 6e 02 00 83 c4 10
0x01178c42:   8b 40 10 8d 65 f8 5b 5e 5d c3 8d 74 26 00 8d 65 

Stack: [0xb727f000,0xb7300000],  sp=0xb72fe710,  free space=509k
Native frames: (J=compiled Java code, j=interpreted, Vv=VM code, C=native code)
V  [libjvm.so+0x2ffc42]
V  [libjvm.so+0x2ffd7f]
V  [libjvm.so+0x2fff4b]
V  [libjvm.so+0x111a65]
V  [libjvm.so+0x1123c1]
V  [libjvm.so+0x10f42f]
V  [libjvm.so+0x10f60b]
V  [libjvm.so+0x1100c1]
V  [libjvm.so+0xcc8f1]
V  [libjvm.so+0xcc992]
V  [libjvm.so+0x375b7]
V  [libjvm.so+0x75930]
V  [libjvm.so+0x758e7]
V  [libjvm.so+0x122482]
V  [libjvm.so+0x122bb7]
V  [libjvm.so+0x3651c8]
V  [libjvm.so+0x36a12c]
V  [libjvm.so+0x36a1ea]
V  [libjvm.so+0x2c92e1]
C  [libpthread.so.0+0x596e]


Current CompileTask:
C1:  1      java.lang.String.hashCode()I (60 bytes)


---------------  P R O C E S S  ---------------

Java Threads: ( => current thread )
  0x09f7d000 JavaThread "Low Memory Detector" daemon [_thread_blocked, id=5668, stack(0xb722e000,0xb727f000)]
=>0x09f7a800 JavaThread "CompilerThread0" daemon [_thread_in_vm, id=5667, stack(0xb727f000,0xb7300000)]
  0x09f79000 JavaThread "Signal Dispatcher" daemon [_thread_blocked, id=5666, stack(0xb7408000,0xb7459000)]
  0x09f73800 JavaThread "Finalizer" daemon [_thread_blocked, id=5665, stack(0xb7498000,0xb74e9000)]
  0x09f6ec00 JavaThread "Reference Handler" daemon [_thread_blocked, id=5664, stack(0xb74e9000,0xb753a000)]
  0x09f40400 JavaThread "main" [_thread_in_vm, id=5662, stack(0xb7780000,0xb77d1000)]

Other Threads:
  0x09f6d000 VMThread [stack: 0xb753a000,0xb75bb000] [id=5663]
  0x09f87000 WatcherThread [stack: 0xb71ad000,0xb722e000] [id=5669]

VM state:not at safepoint (normal execution)

VM Mutex/Monitor currently owned by a thread:  ([mutex/lock_event])
[0x09f3d678] CodeCache_lock - owner thread: 0x09f7a800
[0x09f3e448] AdapterHandlerLibrary_lock - owner thread: 0x09f40400

Heap
 def new generation   total 960K, used 182K [0x71c80000, 0x71d80000, 0x743e0000)
  eden space 896K,  20% used [0x71c80000, 0x71cad8a0, 0x71d60000)
  from space 64K,   0% used [0x71d60000, 0x71d60000, 0x71d70000)
  to   space 64K,   0% used [0x71d70000, 0x71d70000, 0x71d80000)
 tenured generation   total 4096K, used 0K [0x743e0000, 0x747e0000, 0x91c80000)
   the space 4096K,   0% used [0x743e0000, 0x743e0000, 0x743e0200, 0x747e0000)
 compacting perm gen  total 12288K, used 17K [0x91c80000, 0x92880000, 0x95c80000)
   the space 12288K,   0% used [0x91c80000, 0x91c84540, 0x91c84600, 0x92880000)
    ro space 8192K,  89% used [0x95c80000, 0x963b0720, 0x963b0800, 0x96480000)
    rw space 12288K,  59% used [0x96480000, 0x96baedd8, 0x96baee00, 0x97080000)

Dynamic libraries:
00110000-00134000 r-xp 00000000 00:10 45         /lib/tls/i686/cmov/libm-2.11.1.so
00134000-00135000 r--p 00023000 00:10 45         /lib/tls/i686/cmov/libm-2.11.1.so
00135000-00136000 rw-p 00024000 00:10 45         /lib/tls/i686/cmov/libm-2.11.1.so
00136000-00149000 r-xp 00000000 00:10 217        /lib/tls/i686/cmov/libnsl-2.11.1.so
00149000-0014a000 r--p 00012000 00:10 217        /lib/tls/i686/cmov/libnsl-2.11.1.so
0014a000-0014b000 rw-p 00013000 00:10 217        /lib/tls/i686/cmov/libnsl-2.11.1.so
0014b000-0014d000 rw-p 00000000 00:00 0 
0014d000-00154000 r-xp 00000000 00:10 23536      /usr/lib/jvm/java-6-openjdk/jre/lib/i386/native_threads/libhpi.so
00154000-00155000 r--p 00006000 00:10 23536      /usr/lib/jvm/java-6-openjdk/jre/lib/i386/native_threads/libhpi.so
00155000-00156000 rw-p 00007000 00:10 23536      /usr/lib/jvm/java-6-openjdk/jre/lib/i386/native_threads/libhpi.so
00156000-0015c000 r-xp 00000000 00:10 215        /lib/tls/i686/cmov/libnss_compat-2.11.1.so
0015c000-0015d000 r--p 00006000 00:10 215        /lib/tls/i686/cmov/libnss_compat-2.11.1.so
0015d000-0015e000 rw-p 00007000 00:10 215        /lib/tls/i686/cmov/libnss_compat-2.11.1.so
00162000-00165000 r-xp 00000000 00:10 23527      /usr/lib/jvm/java-6-openjdk/jre/lib/i386/jli/libjli.so
00165000-00166000 r--p 00003000 00:10 23527      /usr/lib/jvm/java-6-openjdk/jre/lib/i386/jli/libjli.so
00166000-00167000 rw-p 00004000 00:10 23527      /usr/lib/jvm/java-6-openjdk/jre/lib/i386/jli/libjli.so
00167000-002ba000 r-xp 00000000 00:10 49         /lib/tls/i686/cmov/libc-2.11.1.so
002ba000-002bb000 ---p 00153000 00:10 49         /lib/tls/i686/cmov/libc-2.11.1.so
002bb000-002bd000 r--p 00153000 00:10 49         /lib/tls/i686/cmov/libc-2.11.1.so
002bd000-002be000 rw-p 00155000 00:10 49         /lib/tls/i686/cmov/libc-2.11.1.so
002be000-002c1000 rw-p 00000000 00:00 0 
002c1000-002c3000 rwxp 00000000 00:00 0 
002c3000-00341000 rwxp 00000000 00:00 0 
00341000-00348000 rwxp 00000000 00:00 0 
00348000-00362000 rwxp 00000000 00:00 0 
00368000-0038c000 r-xp 00000000 00:10 23528      /usr/lib/jvm/java-6-openjdk/jre/lib/i386/libjava.so
0038c000-0038d000 r--p 00023000 00:10 23528      /usr/lib/jvm/java-6-openjdk/jre/lib/i386/libjava.so
0038d000-0038f000 rw-p 00024000 00:10 23528      /usr/lib/jvm/java-6-openjdk/jre/lib/i386/libjava.so
0038f000-00390000 rwxp 00000000 00:00 0 
00390000-003a2000 rwxp 00000000 00:00 0 
003a2000-003a5000 rwxp 00000000 00:00 0 
003a5000-0048f000 rwxp 00000000 00:00 0 
0048f000-00495000 rwxp 00000000 00:00 0 
00495000-004af000 rwxp 00000000 00:00 0 
004af000-004c1000 rwxp 00000000 00:00 0 
0055d000-00567000 r-xp 00000000 00:10 221        /lib/tls/i686/cmov/libnss_files-2.11.1.so
00567000-00568000 r--p 00009000 00:10 221        /lib/tls/i686/cmov/libnss_files-2.11.1.so
00568000-00569000 rw-p 0000a000 00:10 221        /lib/tls/i686/cmov/libnss_files-2.11.1.so
00569000-0056c000 rwxp 00000000 00:00 0 
0056c000-00656000 rwxp 00000000 00:00 0 
007f3000-007f4000 r-xp 00000000 00:00 0          [vdso]
007f9000-007fe000 rwxp 00000000 00:00 0 
00889000-0088b000 r-xp 00000000 00:10 43         /lib/tls/i686/cmov/libdl-2.11.1.so
0088b000-0088c000 r--p 00001000 00:10 43         /lib/tls/i686/cmov/libdl-2.11.1.so
0088c000-0088d000 rw-p 00002000 00:10 43         /lib/tls/i686/cmov/libdl-2.11.1.so
00a0e000-00a16000 r-xp 00000000 00:10 219        /lib/tls/i686/cmov/libnss_nis-2.11.1.so
00a16000-00a17000 r--p 00007000 00:10 219        /lib/tls/i686/cmov/libnss_nis-2.11.1.so
00a17000-00a18000 rw-p 00008000 00:10 219        /lib/tls/i686/cmov/libnss_nis-2.11.1.so
00a30000-00a43000 r-xp 00000000 00:10 323        /lib/libz.so.1.2.3.3
00a43000-00a44000 r--p 00012000 00:10 323        /lib/libz.so.1.2.3.3
00a44000-00a45000 rw-p 00013000 00:10 323        /lib/libz.so.1.2.3.3
00a4e000-00a55000 r-xp 00000000 00:10 23537      /usr/lib/jvm/java-6-openjdk/jre/lib/i386/libzip.so
00a55000-00a56000 r--p 00006000 00:10 23537      /usr/lib/jvm/java-6-openjdk/jre/lib/i386/libzip.so
00a56000-00a57000 rw-p 00007000 00:10 23537      /usr/lib/jvm/java-6-openjdk/jre/lib/i386/libzip.so
00c61000-00c6d000 r-xp 00000000 00:10 23534      /usr/lib/jvm/java-6-openjdk/jre/lib/i386/libverify.so
00c6d000-00c6e000 r--p 0000b000 00:10 23534      /usr/lib/jvm/java-6-openjdk/jre/lib/i386/libverify.so
00c6e000-00c6f000 rw-p 0000c000 00:10 23534      /usr/lib/jvm/java-6-openjdk/jre/lib/i386/libverify.so
00c79000-00c80000 r-xp 00000000 00:10 286        /lib/tls/i686/cmov/librt-2.11.1.so
00c80000-00c81000 r--p 00006000 00:10 286        /lib/tls/i686/cmov/librt-2.11.1.so
00c81000-00c82000 rw-p 00007000 00:10 286        /lib/tls/i686/cmov/librt-2.11.1.so
00d3b000-00d50000 r-xp 00000000 00:10 47         /lib/tls/i686/cmov/libpthread-2.11.1.so
00d50000-00d51000 r--p 00014000 00:10 47         /lib/tls/i686/cmov/libpthread-2.11.1.so
00d51000-00d52000 rw-p 00015000 00:10 47         /lib/tls/i686/cmov/libpthread-2.11.1.so
00d52000-00d54000 rw-p 00000000 00:00 0 
00e5c000-00e77000 r-xp 00000000 00:10 35         /lib/ld-2.11.1.so
00e77000-00e78000 r--p 0001a000 00:10 35         /lib/ld-2.11.1.so
00e78000-00e79000 rw-p 0001b000 00:10 35         /lib/ld-2.11.1.so
00e79000-01272000 r-xp 00000000 00:10 23532      /usr/lib/jvm/java-6-openjdk/jre/lib/i386/client/libjvm.so
01272000-01288000 r--p 003f9000 00:10 23532      /usr/lib/jvm/java-6-openjdk/jre/lib/i386/client/libjvm.so
01288000-01294000 rw-p 0040f000 00:10 23532      /usr/lib/jvm/java-6-openjdk/jre/lib/i386/client/libjvm.so
01294000-016b4000 rw-p 00000000 00:00 0 
016b4000-0172c000 rwxp 00000000 00:00 0 
0172c000-036b4000 rwxp 00000000 00:00 0 
08048000-08051000 r-xp 00000000 00:10 568        /usr/lib/jvm/java-6-openjdk/jre/bin/java
08051000-08052000 r--p 00008000 00:10 568        /usr/lib/jvm/java-6-openjdk/jre/bin/java
08052000-08053000 rw-p 00009000 00:10 568        /usr/lib/jvm/java-6-openjdk/jre/bin/java
09f3a000-09fa7000 rw-p 00000000 00:00 0          [heap]
71c80000-71d80000 rwxp 00000000 00:00 0 
71d80000-743e0000 rwxp 00000000 00:00 0 
743e0000-747e0000 rwxp 00000000 00:00 0 
747e0000-91c80000 rwxp 00000000 00:00 0 
91c80000-92880000 rwxp 00000000 00:00 0 
92880000-95c80000 rwxp 00000000 00:00 0 
95c80000-963b1000 r--s 00001000 00:10 23545      /usr/lib/jvm/java-6-openjdk/jre/lib/i386/client/classes.jsa
963b1000-96480000 rwxp 00000000 00:00 0 
96480000-96baf000 rw-p 00732000 00:10 23545      /usr/lib/jvm/java-6-openjdk/jre/lib/i386/client/classes.jsa
96baf000-97080000 rwxp 00000000 00:00 0 
97080000-97179000 rw-p 00e61000 00:10 23545      /usr/lib/jvm/java-6-openjdk/jre/lib/i386/client/classes.jsa
97179000-97480000 rwxp 00000000 00:00 0 
97480000-97488000 r-xs 00f5a000 00:10 23545      /usr/lib/jvm/java-6-openjdk/jre/lib/i386/client/classes.jsa
97488000-97880000 rwxp 00000000 00:00 0 
b71ad000-b71ae000 ---p 00000000 00:00 0 
b71ae000-b722e000 rw-p 00000000 00:00 0 
b722e000-b7231000 ---p 00000000 00:00 0 
b7231000-b727f000 rw-p 00000000 00:00 0 
b727f000-b7282000 ---p 00000000 00:00 0 
b7282000-b7300000 rw-p 00000000 00:00 0          [threadstack:0007d494]
b7300000-b7321000 rw-p 00000000 00:00 0 
b7321000-b7400000 ---p 00000000 00:00 0 
b7408000-b740b000 ---p 00000000 00:00 0 
b740b000-b7459000 rw-p 00000000 00:00 0 
b7459000-b7498000 r--p 00000000 00:10 2492       /usr/lib/locale/de_DE.utf8/LC_CTYPE
b7498000-b749b000 ---p 00000000 00:00 0 
b749b000-b74e9000 rw-p 00000000 00:00 0 
b74e9000-b74ec000 ---p 00000000 00:00 0 
b74ec000-b753a000 rw-p 00000000 00:00 0 
b753a000-b753b000 ---p 00000000 00:00 0 
b753b000-b75ee000 rw-p 00000000 00:00 0 
b75ee000-b7780000 r--s 03914000 00:10 23539      /usr/lib/jvm/java-6-openjdk/jre/lib/rt.jar
b7780000-b7783000 ---p 00000000 00:00 0 
b7783000-b77d4000 rw-p 00000000 00:00 0 
b77d4000-b77db000 r--s 00000000 00:10 961        /usr/lib/gconv/gconv-modules.cache
b77db000-b77e3000 rw-s 00000000 00:13 81759      /tmp/hsperfdata_ubuntu/5659
b77e3000-b77e4000 rw-p 00000000 00:00 0 
b77e4000-b77e5000 r--p 00000000 00:00 0 
b77e5000-b77e7000 rw-p 00000000 00:00 0 
bfc59000-bfc6e000 rw-p 00000000 00:00 0          [stack]

VM Arguments:
jvm_args: -Dant.home=/usr/share/ant -Dant.library.dir=/usr/share/ant/lib 
java_command: org.apache.tools.ant.launch.Launcher -cp  debug
Launcher Type: SUN_STANDARD

Environment Variables:
PATH=/usr/local/sbin:/usr/local/bin:/usr/sbin:/usr/bin:/sbin:/bin:/usr/games:/opt/android-sdk/tools:/opt/lejos_nxj/bin:/opt/arduino
USERNAME=ubuntu
LD_LIBRARY_PATH=/usr/lib/jvm/java-6-openjdk/jre/lib/i386/client:/usr/lib/jvm/java-6-openjdk/jre/lib/i386:/usr/lib/jvm/java-6-openjdk/jre/../lib/i386
SHELL=/bin/bash
DISPLAY=:0.0

Signal Handlers:
SIGSEGV: [libjvm.so+0x397410], sa_mask[0]=0x7ffbfeff, sa_flags=0x10000004
SIGBUS: [libjvm.so+0x397410], sa_mask[0]=0x7ffbfeff, sa_flags=0x10000004
SIGFPE: [libjvm.so+0x2c5b10], sa_mask[0]=0x7ffbfeff, sa_flags=0x10000004
SIGPIPE: [libjvm.so+0x2c5b10], sa_mask[0]=0x7ffbfeff, sa_flags=0x10000004
SIGXFSZ: [libjvm.so+0x2c5b10], sa_mask[0]=0x7ffbfeff, sa_flags=0x10000004
SIGILL: [libjvm.so+0x2c5b10], sa_mask[0]=0x7ffbfeff, sa_flags=0x10000004
SIGUSR1: SIG_DFL, sa_mask[0]=0x00000000, sa_flags=0x00000000
SIGUSR2: [libjvm.so+0x2c5200], sa_mask[0]=0x00000000, sa_flags=0x10000004
SIGHUP: [libjvm.so+0x2c7960], sa_mask[0]=0x7ffbfeff, sa_flags=0x10000004
SIGINT: [libjvm.so+0x2c7960], sa_mask[0]=0x7ffbfeff, sa_flags=0x10000004
SIGTERM: [libjvm.so+0x2c7960], sa_mask[0]=0x7ffbfeff, sa_flags=0x10000004
SIGQUIT: [libjvm.so+0x2c7960], sa_mask[0]=0x7ffbfeff, sa_flags=0x10000004


---------------  S Y S T E M  ---------------

OS:Ubuntu 10.04 (lucid)
uname:Linux 2.6.32-21-generic #32-Ubuntu SMP Fri Apr 16 08:10:02 UTC 2010 i686
libc:glibc 2.11.1 NPTL 2.11.1 
rlimit: STACK 8192k, CORE 0k, NPROC infinity, NOFILE 1024, AS infinity
load average:0.44 0.59 0.48

CPU:total 2 (1 cores per cpu, 2 threads per core) family 6 model 28 stepping 2, cmov, cx8, fxsr, mmx, sse, sse2, sse3, ssse3, ht

Memory: 4k page, physical 1017992k(62216k free), swap 0k(0k free)

vm_info: OpenJDK Client VM (14.0-b16) for linux-x86 JRE (1.6.0_18-b18), built on Apr 14 2010 11:34:14 by "buildd" with gcc 4.4.3

time: Sun Sep 12 18:31:13 2010
elapsed time: 0 seconds

